<?xml version="1.0" encoding="utf-8"?><testsuites name="pytest tests"><testsuite name="pytest" errors="0" failures="0" skipped="0" tests="15" time="3.106" timestamp="2026-05-07T09:33:48.120664+00:00" hostname="agent-env-8fdb1872-3be2-4dcb-b6c0-e83692374f69"><testcase classname="backend.tests.test_iter8_workflow_doc.TestNetworkStats" name="test_network_stats_shape_and_sort" time="0.305" /><testcase classname="backend.tests.test_iter8_workflow_doc.TestNetworkStats" name="test_network_stats_no_auth_required" time="0.112" /><testcase classname="backend.tests.test_iter8_workflow_doc.TestBuyerProfilePhone" name="test_phone_persists" time="0.311" /><testcase classname="backend.tests.test_iter8_workflow_doc.TestBuyerProfilePhone" name="test_phone_can_be_updated" time="0.137" /><testcase classname="backend.tests.test_iter8_workflow_doc.TestBuyerProfilePhone" name="test_profile_requires_auth" time="0.102" /><testcase classname="backend.tests.test_iter8_workflow_doc.TestAgentTurnkey" name="test_turnkey_persists_true" time="0.260" /><testcase classname="backend.tests.test_iter8_workflow_doc.TestAgentTurnkey" name="test_turnkey_can_be_set_false" time="0.105" /><testcase classname="backend.tests.test_iter8_workflow_doc.TestReviewsRegression" name="test_buyer_can_post_review" time="0.173" /><testcase classname="backend.tests.test_iter8_workflow_doc.TestBuyerAnonymisation" name="test_buyer_owner_sees_verified_city_manufacturer_for_pending_quotes" time="0.604" /><testcase classname="backend.tests.test_iter8_workflow_doc.TestBuyerAnonymisation" name="test_buyer_owner_sees_real_company_for_won_quote" time="0.116" /><testcase classname="backend.tests.test_iter8_workflow_doc.TestBuyerAnonymisation" name="test_other_agent_still_sees_anonymous_bidder" time="0.100" /><testcase classname="backend.tests.test_iter8_workflow_doc.TestQuoteContactNumberOptional" name="test_empty_contact_number_accepted" time="0.263" /><testcase classname="backend.tests.test_iter8_workflow_doc.TestRegression" name="test_auth_me" time="0.119" /><testcase classname="backend.tests.test_iter8_workflow_doc.TestRegression" name="test_niches_list" time="0.127" /><testcase classname="backend.tests.test_iter8_workflow_doc.TestRegression" name="test_agents_list" time="0.117" /></testsuite></testsuites>