<?xml version="1.0" encoding="utf-8"?><testsuites name="pytest tests"><testsuite name="pytest" errors="0" failures="0" skipped="0" tests="38" time="7.433" timestamp="2026-04-30T10:44:14.572796+00:00" hostname="agent-env-8fdb1872-3be2-4dcb-b6c0-e83692374f69"><testcase classname="backend.tests.test_iter6_favourites_share_attachments.TestFavourites" name="test_add_favourite_requires_auth" time="0.234" /><testcase classname="backend.tests.test_iter6_favourites_share_attachments.TestFavourites" name="test_agent_cannot_use_favourites" time="0.418" /><testcase classname="backend.tests.test_iter6_favourites_share_attachments.TestFavourites" name="test_add_favourite_unknown_agent_404" time="0.138" /><testcase classname="backend.tests.test_iter6_favourites_share_attachments.TestFavourites" name="test_add_favourite_idempotent" time="0.256" /><testcase classname="backend.tests.test_iter6_favourites_share_attachments.TestFavourites" name="test_list_favourites_returns_agent_details" time="0.107" /><testcase classname="backend.tests.test_iter6_favourites_share_attachments.TestFavourites" name="test_favourite_ids_endpoint" time="0.135" /><testcase classname="backend.tests.test_iter6_favourites_share_attachments.TestFavourites" name="test_remove_favourite" time="0.220" /><testcase classname="backend.tests.test_iter6_favourites_share_attachments.TestFavourites" name="test_remove_favourite_idempotent" time="0.111" /><testcase classname="backend.tests.test_iter6_favourites_share_attachments.TestRfqShare" name="test_create_share_link_owner" time="0.107" /><testcase classname="backend.tests.test_iter6_favourites_share_attachments.TestRfqShare" name="test_create_share_link_idempotent" time="0.103" /><testcase classname="backend.tests.test_iter6_favourites_share_attachments.TestRfqShare" name="test_share_non_owner_buyer_forbidden" time="0.110" /><testcase classname="backend.tests.test_iter6_favourites_share_attachments.TestRfqShare" name="test_share_agent_forbidden" time="0.143" /><testcase classname="backend.tests.test_iter6_favourites_share_attachments.TestRfqShare" name="test_share_unknown_rfq_404" time="0.109" /><testcase classname="backend.tests.test_iter6_favourites_share_attachments.TestRfqShare" name="test_public_get_no_auth" time="0.104" /><testcase classname="backend.tests.test_iter6_favourites_share_attachments.TestRfqShare" name="test_public_get_invalid_token_404" time="0.103" /><testcase classname="backend.tests.test_iter6_favourites_share_attachments.TestRfqShare" name="test_revoke_share_non_owner_403" time="0.099" /><testcase classname="backend.tests.test_iter6_favourites_share_attachments.TestRfqShare" name="test_revoke_share_owner" time="0.219" /><testcase classname="backend.tests.test_iter6_favourites_share_attachments.TestMessageAttachments" name="test_upload_unauth_401" time="0.102" /><testcase classname="backend.tests.test_iter6_favourites_share_attachments.TestMessageAttachments" name="test_upload_unsupported_extension" time="0.107" /><testcase classname="backend.tests.test_iter6_favourites_share_attachments.TestMessageAttachments" name="test_upload_unknown_recipient_404" time="0.116" /><testcase classname="backend.tests.test_iter6_favourites_share_attachments.TestMessageAttachments" name="test_upload_file_too_large_400" time="0.735" /><testcase classname="backend.tests.test_iter6_favourites_share_attachments.TestMessageAttachments" name="test_upload_pdf_ok" time="0.232" /><testcase classname="backend.tests.test_iter6_favourites_share_attachments.TestMessageAttachments" name="test_send_message_with_attachment" time="0.108" /><testcase classname="backend.tests.test_iter6_favourites_share_attachments.TestMessageAttachments" name="test_send_empty_message_400" time="0.112" /><testcase classname="backend.tests.test_iter6_favourites_share_attachments.TestMessageAttachments" name="test_send_message_attachment_only_no_body_ok" time="0.113" /><testcase classname="backend.tests.test_iter6_favourites_share_attachments.TestMessageAttachments" name="test_download_attachment_by_recipient" time="0.568" /><testcase classname="backend.tests.test_iter6_favourites_share_attachments.TestMessageAttachments" name="test_download_attachment_by_sender" time="0.230" /><testcase classname="backend.tests.test_iter6_favourites_share_attachments.TestMessageAttachments" name="test_download_attachment_non_participant_403" time="0.124" /><testcase classname="backend.tests.test_iter6_favourites_share_attachments.TestMessageAttachments" name="test_download_attachment_admin_ok" time="0.224" /><testcase classname="backend.tests.test_iter6_favourites_share_attachments.TestMessageAttachments" name="test_download_attachment_unauth_401" time="0.128" /><testcase classname="backend.tests.test_iter6_favourites_share_attachments.TestMessageAttachments" name="test_download_unknown_message_404" time="0.102" /><testcase classname="backend.tests.test_iter6_favourites_share_attachments.TestMessageAttachments" name="test_download_query_token_auth" time="0.231" /><testcase classname="backend.tests.test_iter6_favourites_share_attachments.TestRegression" name="test_root" time="0.109" /><testcase classname="backend.tests.test_iter6_favourites_share_attachments.TestRegression" name="test_auth_me" time="0.103" /><testcase classname="backend.tests.test_iter6_favourites_share_attachments.TestRegression" name="test_list_agents" time="0.100" /><testcase classname="backend.tests.test_iter6_favourites_share_attachments.TestRegression" name="test_create_and_get_rfq" time="0.212" /><testcase classname="backend.tests.test_iter6_favourites_share_attachments.TestRegression" name="test_quote_submit_and_accept" time="0.437" /><testcase classname="backend.tests.test_iter6_favourites_share_attachments.TestRegression" name="test_admin_verify" time="0.331" /></testsuite></testsuites>