<?xml version="1.0" encoding="utf-8"?><testsuites name="pytest tests"><testsuite name="pytest" errors="0" failures="0" skipped="0" tests="59" time="19.365" timestamp="2026-04-30T09:40:11.652435+00:00" hostname="agent-env-707e8dd7-1093-4bf4-9951-fd17f875f649"><testcase classname="backend_test" name="test_root" time="0.131" /><testcase classname="backend_test" name="test_list_agents_seeded" time="0.103" /><testcase classname="backend_test" name="test_list_agents_verified_filter" time="0.111" /><testcase classname="backend_test" name="test_get_agent_detail" time="0.208" /><testcase classname="backend_test" name="test_auth_session_missing_id" time="0.108" /><testcase classname="backend_test" name="test_auth_me_without_cookie" time="0.106" /><testcase classname="backend_test" name="test_auth_me_with_bearer" time="0.101" /><testcase classname="backend_test" name="test_buyer_create_and_list_rfq" time="0.208" /><testcase classname="backend_test" name="test_agent_update_profile" time="0.108" /><testcase classname="backend_test" name="test_agent_submit_quote" time="0.122" /><testcase classname="backend_test" name="test_ai_match" time="7.723" /><testcase classname="backend_test" name="test_buyer_cannot_quote" time="0.124" /><testcase classname="backend_test" name="test_agent_cannot_create_rfq" time="0.117" /><testcase classname="backend_test" name="test_messaging" time="0.213" /><testcase classname="backend_test" name="test_review_aggregate" time="0.228" /><testcase classname="backend_test" name="test_admin_requires_role" time="0.124" /><testcase classname="backend_test" name="test_auth_session_bad_session_id" time="0.214" /><testcase classname="backend_test" name="test_auth_session_missing_returns_400" time="0.107" /><testcase classname="backend_test" name="test_evaluate_bids_as_owner_buyer" time="0.140" /><testcase classname="backend_test" name="test_evaluate_bids_wrong_buyer_403" time="0.104" /><testcase classname="backend_test" name="test_evaluate_bids_as_agent_403" time="0.101" /><testcase classname="backend_test" name="test_evaluate_bids_zero_quotes" time="0.123" /><testcase classname="backend_test" name="test_evaluate_bids_rfq_not_found" time="0.106" /><testcase classname="backend_test" name="test_submit_quote_with_contact_number" time="0.227" /><testcase classname="backend_test" name="test_accept_as_non_owner_buyer_403" time="0.107" /><testcase classname="backend_test" name="test_accept_as_agent_403" time="0.115" /><testcase classname="backend_test" name="test_accept_non_existent_quote_404" time="0.106" /><testcase classname="backend_test" name="test_accept_success_closes_rfq_and_messages" time="0.330" /><testcase classname="backend_test" name="test_accept_already_closed_400" time="0.117" /><testcase classname="backend_test" name="test_admin_stats_and_verify" time="0.453" /><testcase classname="backend_test" name="test_schema_list_all" time="0.105" /><testcase classname="backend_test" name="test_schema_beauty" time="0.131" /><testcase classname="backend_test" name="test_schema_textile" time="0.104" /><testcase classname="backend_test" name="test_schema_electronics" time="0.117" /><testcase classname="backend_test" name="test_schema_hardware_empty" time="0.100" /><testcase classname="backend_test" name="test_rfq_persists_requirements_json" time="0.235" /><testcase classname="backend_test" name="test_upload_attachment_owner_ok" time="1.828" /><testcase classname="backend_test" name="test_upload_attachment_non_owner_403" time="0.118" /><testcase classname="backend_test" name="test_upload_attachment_bad_ext_400" time="0.109" /><testcase classname="backend_test" name="test_upload_attachment_too_large_400" time="0.830" /><testcase classname="backend_test" name="test_upload_attachment_max_10" time="0.105" /><testcase classname="backend_test" name="test_download_attachment_unauth_401" time="0.101" /><testcase classname="backend_test" name="test_download_attachment_bearer_ok" time="0.210" /><testcase classname="backend_test" name="test_download_attachment_query_token_ok" time="0.208" /><testcase classname="backend_test" name="test_delete_attachment_owner_ok" time="0.223" /><testcase classname="backend_test" name="test_agent_profile_kyc_fields_persist" time="0.115" /><testcase classname="backend_test" name="test_metrics_agent_only" time="0.221" /><testcase classname="backend_test" name="test_recalc_badges_high_quality_and_top_vendor" time="0.126" /><testcase classname="backend_test" name="test_pass_rfq_non_agent_403" time="0.138" /><testcase classname="backend_test" name="test_pass_rfq_excludes_from_list" time="0.309" /><testcase classname="backend_test" name="test_buyer_owner_sees_real_names" time="0.120" /><testcase classname="backend_test" name="test_agent_sees_anonymised_buyer_and_competitor" time="0.115" /><testcase classname="backend_test" name="test_status_non_owner_agent_403" time="0.113" /><testcase classname="backend_test" name="test_status_agent_cannot_skip_steps" time="0.226" /><testcase classname="backend_test" name="test_buyer_cannot_mark_delivered_before_dispatched" time="0.114" /><testcase classname="backend_test" name="test_status_full_forward_flow_and_earnings" time="0.440" /><testcase classname="backend_test" name="test_winner_sees_real_buyer_name" time="0.108" /><testcase classname="backend_test" name="test_quote_with_sample_fields" time="0.242" /><testcase classname="backend_test" name="test_landing_does_not_contain_old_overline" time="0.110" /></testsuite></testsuites>