<?xml version="1.0" encoding="utf-8"?><testsuites name="pytest tests"><testsuite name="pytest" errors="0" failures="3" skipped="0" tests="136" time="57.975" timestamp="2026-05-07T09:33:56.648349+00:00" hostname="agent-env-8fdb1872-3be2-4dcb-b6c0-e83692374f69"><testcase classname="backend.tests.backend_test" name="test_root" time="0.156" /><testcase classname="backend.tests.backend_test" name="test_list_agents_seeded" time="0.115" /><testcase classname="backend.tests.backend_test" name="test_list_agents_verified_filter" time="0.105" /><testcase classname="backend.tests.backend_test" name="test_get_agent_detail" time="0.229" /><testcase classname="backend.tests.backend_test" name="test_auth_session_missing_id" time="0.117" /><testcase classname="backend.tests.backend_test" name="test_auth_me_without_cookie" time="0.102" /><testcase classname="backend.tests.backend_test" name="test_auth_me_with_bearer" time="0.118" /><testcase classname="backend.tests.backend_test" name="test_buyer_create_and_list_rfq" time="0.221" /><testcase classname="backend.tests.backend_test" name="test_agent_update_profile" time="0.138" /><testcase classname="backend.tests.backend_test" name="test_agent_submit_quote" time="0.120" /><testcase classname="backend.tests.backend_test" name="test_ai_match" time="8.259" /><testcase classname="backend.tests.backend_test" name="test_buyer_cannot_quote" time="0.129" /><testcase classname="backend.tests.backend_test" name="test_agent_cannot_create_rfq" time="0.100" /><testcase classname="backend.tests.backend_test" name="test_messaging" time="0.223" /><testcase classname="backend.tests.backend_test" name="test_review_aggregate" time="0.220" /><testcase classname="backend.tests.backend_test" name="test_admin_requires_role" time="0.102" /><testcase classname="backend.tests.backend_test" name="test_auth_session_bad_session_id" time="0.205" /><testcase classname="backend.tests.backend_test" name="test_auth_session_missing_returns_400" time="0.112" /><testcase classname="backend.tests.backend_test" name="test_evaluate_bids_as_owner_buyer" time="0.185" /><testcase classname="backend.tests.backend_test" name="test_evaluate_bids_wrong_buyer_403" time="0.109" /><testcase classname="backend.tests.backend_test" name="test_evaluate_bids_as_agent_403" time="0.128" /><testcase classname="backend.tests.backend_test" name="test_evaluate_bids_zero_quotes" time="0.103" /><testcase classname="backend.tests.backend_test" name="test_evaluate_bids_rfq_not_found" time="0.121" /><testcase classname="backend.tests.backend_test" name="test_submit_quote_with_contact_number" time="0.223"><failure message="AssertionError: assert ([{'agent': {'agent_id': 'agent_cn_f3f107e0', 'avg_response_time_hours': 0.0, 'badges': [], 'bio': '', ...}, 'agent_id': 'agent_cn_f3f107e0', 'agent_user_id': 'test-agent-1778146436-660ac1', 'contact_number': '', ...}] and '' == '+1-555-1234'&#10;  &#10;  - +1-555-1234)">backend/tests/backend_test.py:406: in test_submit_quote_with_contact_number
    assert match and match[0]["contact_number"] == "+1-555-1234"
E   AssertionError: assert ([{'agent': {'agent_id': 'agent_cn_f3f107e0', 'avg_response_time_hours': 0.0, 'badges': [], 'bio': '', ...}, 'agent_id': 'agent_cn_f3f107e0', 'agent_user_id': 'test-agent-1778146436-660ac1', 'contact_number': '', ...}] and '' == '+1-555-1234'
E     
E     - +1-555-1234)</failure></testcase><testcase classname="backend.tests.backend_test" name="test_accept_as_non_owner_buyer_403" time="0.118" /><testcase classname="backend.tests.backend_test" name="test_accept_as_agent_403" time="0.114" /><testcase classname="backend.tests.backend_test" name="test_accept_non_existent_quote_404" time="0.112" /><testcase classname="backend.tests.backend_test" name="test_accept_success_closes_rfq_and_messages" time="0.365" /><testcase classname="backend.tests.backend_test" name="test_accept_already_closed_400" time="0.107" /><testcase classname="backend.tests.backend_test" name="test_admin_stats_and_verify" time="0.430" /><testcase classname="backend.tests.backend_test" name="test_schema_list_all" time="0.111" /><testcase classname="backend.tests.backend_test" name="test_schema_beauty" time="0.120" /><testcase classname="backend.tests.backend_test" name="test_schema_textile" time="0.103" /><testcase classname="backend.tests.backend_test" name="test_schema_electronics" time="0.120" /><testcase classname="backend.tests.backend_test" name="test_schema_hardware_empty" time="0.127" /><testcase classname="backend.tests.backend_test" name="test_rfq_persists_requirements_json" time="0.263" /><testcase classname="backend.tests.backend_test" name="test_upload_attachment_owner_ok" time="0.446" /><testcase classname="backend.tests.backend_test" name="test_upload_attachment_non_owner_403" time="0.142" /><testcase classname="backend.tests.backend_test" name="test_upload_attachment_bad_ext_400" time="0.148" /><testcase classname="backend.tests.backend_test" name="test_upload_attachment_too_large_400" time="0.760" /><testcase classname="backend.tests.backend_test" name="test_upload_attachment_max_10" time="0.195" /><testcase classname="backend.tests.backend_test" name="test_download_attachment_unauth_401" time="0.168" /><testcase classname="backend.tests.backend_test" name="test_download_attachment_bearer_ok" time="0.355" /><testcase classname="backend.tests.backend_test" name="test_download_attachment_query_token_ok" time="0.272" /><testcase classname="backend.tests.backend_test" name="test_delete_attachment_owner_ok" time="0.362" /><testcase classname="backend.tests.backend_test" name="test_agent_profile_kyc_fields_persist" time="0.159" /><testcase classname="backend.tests.backend_test" name="test_metrics_agent_only" time="0.289" /><testcase classname="backend.tests.backend_test" name="test_recalc_badges_high_quality_and_top_vendor" time="0.122" /><testcase classname="backend.tests.backend_test" name="test_pass_rfq_non_agent_403" time="0.109" /><testcase classname="backend.tests.backend_test" name="test_pass_rfq_excludes_from_list" time="0.324" /><testcase classname="backend.tests.backend_test" name="test_buyer_owner_sees_real_names" time="0.121"><failure message="AssertionError: assert ('TEST Agent Co' in {'Verified Bengaluru Manufacturer', 'Verified Manufacturer'})">backend/tests/backend_test.py:823: in test_buyer_owner_sees_real_names
    assert "TEST Agent Co" in companies and "TEST Agent2 Co" in companies
E   AssertionError: assert ('TEST Agent Co' in {'Verified Bengaluru Manufacturer', 'Verified Manufacturer'})</failure></testcase><testcase classname="backend.tests.backend_test" name="test_agent_sees_anonymised_buyer_and_competitor" time="0.112" /><testcase classname="backend.tests.backend_test" name="test_status_non_owner_agent_403" time="0.104" /><testcase classname="backend.tests.backend_test" name="test_status_agent_cannot_skip_steps" time="0.214" /><testcase classname="backend.tests.backend_test" name="test_buyer_cannot_mark_delivered_before_dispatched" time="0.108" /><testcase classname="backend.tests.backend_test" name="test_status_full_forward_flow_and_earnings" time="0.464" /><testcase classname="backend.tests.backend_test" name="test_winner_sees_real_buyer_name" time="0.125" /><testcase classname="backend.tests.backend_test" name="test_quote_with_sample_fields" time="0.242" /><testcase classname="backend.tests.backend_test" name="test_landing_does_not_contain_old_overline" time="0.114" /><testcase classname="backend.tests.test_iter6_favourites_share_attachments.TestFavourites" name="test_add_favourite_requires_auth" time="0.101" /><testcase classname="backend.tests.test_iter6_favourites_share_attachments.TestFavourites" name="test_agent_cannot_use_favourites" time="0.336" /><testcase classname="backend.tests.test_iter6_favourites_share_attachments.TestFavourites" name="test_add_favourite_unknown_agent_404" time="0.124" /><testcase classname="backend.tests.test_iter6_favourites_share_attachments.TestFavourites" name="test_add_favourite_idempotent" time="0.242" /><testcase classname="backend.tests.test_iter6_favourites_share_attachments.TestFavourites" name="test_list_favourites_returns_agent_details" time="0.140" /><testcase classname="backend.tests.test_iter6_favourites_share_attachments.TestFavourites" name="test_favourite_ids_endpoint" time="0.095" /><testcase classname="backend.tests.test_iter6_favourites_share_attachments.TestFavourites" name="test_remove_favourite" time="0.216" /><testcase classname="backend.tests.test_iter6_favourites_share_attachments.TestFavourites" name="test_remove_favourite_idempotent" time="0.114" /><testcase classname="backend.tests.test_iter6_favourites_share_attachments.TestRfqShare" name="test_create_share_link_owner" time="0.131" /><testcase classname="backend.tests.test_iter6_favourites_share_attachments.TestRfqShare" name="test_create_share_link_idempotent" time="0.099" /><testcase classname="backend.tests.test_iter6_favourites_share_attachments.TestRfqShare" name="test_share_non_owner_buyer_forbidden" time="0.126" /><testcase classname="backend.tests.test_iter6_favourites_share_attachments.TestRfqShare" name="test_share_agent_forbidden" time="0.122" /><testcase classname="backend.tests.test_iter6_favourites_share_attachments.TestRfqShare" name="test_share_unknown_rfq_404" time="0.116" /><testcase classname="backend.tests.test_iter6_favourites_share_attachments.TestRfqShare" name="test_public_get_no_auth" time="0.139" /><testcase classname="backend.tests.test_iter6_favourites_share_attachments.TestRfqShare" name="test_public_get_invalid_token_404" time="0.102" /><testcase classname="backend.tests.test_iter6_favourites_share_attachments.TestRfqShare" name="test_revoke_share_non_owner_403" time="0.118" /><testcase classname="backend.tests.test_iter6_favourites_share_attachments.TestRfqShare" name="test_revoke_share_owner" time="0.269" /><testcase classname="backend.tests.test_iter6_favourites_share_attachments.TestMessageAttachments" name="test_upload_unauth_401" time="0.101" /><testcase classname="backend.tests.test_iter6_favourites_share_attachments.TestMessageAttachments" name="test_upload_unsupported_extension" time="0.116" /><testcase classname="backend.tests.test_iter6_favourites_share_attachments.TestMessageAttachments" name="test_upload_unknown_recipient_404" time="0.102" /><testcase classname="backend.tests.test_iter6_favourites_share_attachments.TestMessageAttachments" name="test_upload_file_too_large_400" time="0.809" /><testcase classname="backend.tests.test_iter6_favourites_share_attachments.TestMessageAttachments" name="test_upload_pdf_ok" time="0.251" /><testcase classname="backend.tests.test_iter6_favourites_share_attachments.TestMessageAttachments" name="test_send_message_with_attachment" time="0.108" /><testcase classname="backend.tests.test_iter6_favourites_share_attachments.TestMessageAttachments" name="test_send_empty_message_400" time="0.111" /><testcase classname="backend.tests.test_iter6_favourites_share_attachments.TestMessageAttachments" name="test_send_message_attachment_only_no_body_ok" time="0.109" /><testcase classname="backend.tests.test_iter6_favourites_share_attachments.TestMessageAttachments" name="test_download_attachment_by_recipient" time="0.209" /><testcase classname="backend.tests.test_iter6_favourites_share_attachments.TestMessageAttachments" name="test_download_attachment_by_sender" time="0.223" /><testcase classname="backend.tests.test_iter6_favourites_share_attachments.TestMessageAttachments" name="test_download_attachment_non_participant_403" time="0.108" /><testcase classname="backend.tests.test_iter6_favourites_share_attachments.TestMessageAttachments" name="test_download_attachment_admin_ok" time="0.231" /><testcase classname="backend.tests.test_iter6_favourites_share_attachments.TestMessageAttachments" name="test_download_attachment_unauth_401" time="0.105" /><testcase classname="backend.tests.test_iter6_favourites_share_attachments.TestMessageAttachments" name="test_download_unknown_message_404" time="0.136" /><testcase classname="backend.tests.test_iter6_favourites_share_attachments.TestMessageAttachments" name="test_download_query_token_auth" time="0.202" /><testcase classname="backend.tests.test_iter6_favourites_share_attachments.TestRegression" name="test_root" time="0.094" /><testcase classname="backend.tests.test_iter6_favourites_share_attachments.TestRegression" name="test_auth_me" time="0.132" /><testcase classname="backend.tests.test_iter6_favourites_share_attachments.TestRegression" name="test_list_agents" time="0.106" /><testcase classname="backend.tests.test_iter6_favourites_share_attachments.TestRegression" name="test_create_and_get_rfq" time="0.237" /><testcase classname="backend.tests.test_iter6_favourites_share_attachments.TestRegression" name="test_quote_submit_and_accept" time="0.463" /><testcase classname="backend.tests.test_iter6_favourites_share_attachments.TestRegression" name="test_admin_verify" time="0.353" /><testcase classname="backend.tests.test_iter7_buyer_funnel.TestNiches" name="test_list_niches_returns_all_eight" time="0.098" /><testcase classname="backend.tests.test_iter7_buyer_funnel.TestNiches" name="test_get_niche_valid_key" time="0.120" /><testcase classname="backend.tests.test_iter7_buyer_funnel.TestNiches" name="test_get_niche_invalid_key_404" time="0.097" /><testcase classname="backend.tests.test_iter7_buyer_funnel.TestBlueprints" name="test_curated_blueprint_has_all_required_fields" time="0.105" /><testcase classname="backend.tests.test_iter7_buyer_funnel.TestBlueprints" name="test_blueprint_invalid_niche_404" time="0.103" /><testcase classname="backend.tests.test_iter7_buyer_funnel.TestBlueprints" name="test_blueprint_unknown_subcategory_returns_default" time="0.130" /><testcase classname="backend.tests.test_iter7_buyer_funnel.TestBlueprints" name="test_curated_blueprints_across_niches[apparel-T-shirts &amp; basics]" time="0.103" /><testcase classname="backend.tests.test_iter7_buyer_funnel.TestBlueprints" name="test_curated_blueprints_across_niches[beauty-Skincare]" time="0.125" /><testcase classname="backend.tests.test_iter7_buyer_funnel.TestBlueprints" name="test_curated_blueprints_across_niches[home-decor-Candles &amp; fragrance]" time="0.112" /><testcase classname="backend.tests.test_iter7_buyer_funnel.TestBlueprints" name="test_curated_blueprints_across_niches[electronics-Audio]" time="0.107" /><testcase classname="backend.tests.test_iter7_buyer_funnel.TestBlueprints" name="test_curated_blueprints_across_niches[packaging-Beauty primary pack]" time="0.095" /><testcase classname="backend.tests.test_iter7_buyer_funnel.TestBlueprints" name="test_curated_blueprints_across_niches[food-Snacks]" time="0.126" /><testcase classname="backend.tests.test_iter7_buyer_funnel.TestBlueprints" name="test_curated_blueprints_across_niches[toys-Wooden]" time="0.114" /><testcase classname="backend.tests.test_iter7_buyer_funnel.TestBuyerProfile" name="test_update_profile_persists" time="0.210" /><testcase classname="backend.tests.test_iter7_buyer_funnel.TestBuyerProfile" name="test_update_profile_unauthenticated_401" time="0.099" /><testcase classname="backend.tests.test_iter7_buyer_funnel.TestMultiDimReviews" name="test_review_with_all_dimensions" time="0.246" /><testcase classname="backend.tests.test_iter7_buyer_funnel.TestMultiDimReviews" name="test_review_legacy_minimal_payload" time="0.113" /><testcase classname="backend.tests.test_iter7_buyer_funnel.TestMultiDimReviews" name="test_agent_detail_returns_dim_fields" time="0.238" /><testcase classname="backend.tests.test_iter7_buyer_funnel.TestMultiDimReviews" name="test_rating_recomputation_average" time="0.107" /><testcase classname="backend.tests.test_iter7_buyer_funnel.TestRegression" name="test_auth_me_works" time="0.098" /><testcase classname="backend.tests.test_iter7_buyer_funnel.TestRegression" name="test_auth_me_unauth_401" time="0.096" /><testcase classname="backend.tests.test_iter7_buyer_funnel.TestRegression" name="test_root_ok" time="0.100" /><testcase classname="backend.tests.test_iter7_buyer_funnel.TestRegression" name="test_favourite_ids_endpoint" time="0.116" /><testcase classname="backend.tests.test_iter7_buyer_funnel.TestRegression" name="test_agents_listing_works" time="0.112" /><testcase classname="backend.tests.test_iter8_workflow_doc.TestNetworkStats" name="test_network_stats_shape_and_sort" time="0.111" /><testcase classname="backend.tests.test_iter8_workflow_doc.TestNetworkStats" name="test_network_stats_no_auth_required" time="0.113" /><testcase classname="backend.tests.test_iter8_workflow_doc.TestBuyerProfilePhone" name="test_phone_persists" time="0.263" /><testcase classname="backend.tests.test_iter8_workflow_doc.TestBuyerProfilePhone" name="test_phone_can_be_updated" time="0.104" /><testcase classname="backend.tests.test_iter8_workflow_doc.TestBuyerProfilePhone" name="test_profile_requires_auth" time="0.134" /><testcase classname="backend.tests.test_iter8_workflow_doc.TestAgentTurnkey" name="test_turnkey_persists_true" time="0.219" /><testcase classname="backend.tests.test_iter8_workflow_doc.TestAgentTurnkey" name="test_turnkey_can_be_set_false" time="0.122" /><testcase classname="backend.tests.test_iter8_workflow_doc.TestReviewsRegression" name="test_buyer_can_post_review" time="0.110" /><testcase classname="backend.tests.test_iter8_workflow_doc.TestBuyerAnonymisation" name="test_buyer_owner_sees_verified_city_manufacturer_for_pending_quotes" time="0.471" /><testcase classname="backend.tests.test_iter8_workflow_doc.TestBuyerAnonymisation" name="test_buyer_owner_sees_real_company_for_won_quote" time="0.105" /><testcase classname="backend.tests.test_iter8_workflow_doc.TestBuyerAnonymisation" name="test_other_agent_still_sees_anonymous_bidder" time="0.142" /><testcase classname="backend.tests.test_iter8_workflow_doc.TestQuoteContactNumberOptional" name="test_empty_contact_number_accepted" time="20.017"><failure message="requests.exceptions.ConnectTimeout: HTTPSConnectionPool(host='code-vault-111.preview.emergentagent.com', port=443): Max retries exceeded with url: /api/rfqs (Caused by ConnectTimeoutError(&lt;HTTPSConnection(host='code-vault-111.preview.emergentagent.com', port=443) at 0xfc1a05e0e990&gt;, 'Connection to code-vault-111.preview.emergentagent.com timed out. (connect timeout=10)'))">/root/.venv/lib/python3.11/site-packages/urllib3/connection.py:204: in _new_conn
    sock = connection.create_connection(
/root/.venv/lib/python3.11/site-packages/urllib3/util/connection.py:85: in create_connection
    raise err
/root/.venv/lib/python3.11/site-packages/urllib3/util/connection.py:73: in create_connection
    sock.connect(sa)
E   TimeoutError: timed out

The above exception was the direct cause of the following exception:
/root/.venv/lib/python3.11/site-packages/urllib3/connectionpool.py:787: in urlopen
    response = self._make_request(
/root/.venv/lib/python3.11/site-packages/urllib3/connectionpool.py:488: in _make_request
    raise new_e
/root/.venv/lib/python3.11/site-packages/urllib3/connectionpool.py:464: in _make_request
    self._validate_conn(conn)
/root/.venv/lib/python3.11/site-packages/urllib3/connectionpool.py:1093: in _validate_conn
    conn.connect()
/root/.venv/lib/python3.11/site-packages/urllib3/connection.py:759: in connect
    self.sock = sock = self._new_conn()
                       ^^^^^^^^^^^^^^^^
/root/.venv/lib/python3.11/site-packages/urllib3/connection.py:213: in _new_conn
    raise ConnectTimeoutError(
E   urllib3.exceptions.ConnectTimeoutError: (&lt;HTTPSConnection(host='code-vault-111.preview.emergentagent.com', port=443) at 0xfc1a05e0e990&gt;, 'Connection to code-vault-111.preview.emergentagent.com timed out. (connect timeout=10)')

The above exception was the direct cause of the following exception:
/root/.venv/lib/python3.11/site-packages/requests/adapters.py:645: in send
    resp = conn.urlopen(
/root/.venv/lib/python3.11/site-packages/urllib3/connectionpool.py:841: in urlopen
    retries = retries.increment(
/root/.venv/lib/python3.11/site-packages/urllib3/util/retry.py:535: in increment
    raise MaxRetryError(_pool, url, reason) from reason  # type: ignore[arg-type]
    ^^^^^^^^^^^^^^^^^^^^^^^^^^^^^^^^^^^^^^^^^^^^^^^^^^^
E   urllib3.exceptions.MaxRetryError: HTTPSConnectionPool(host='code-vault-111.preview.emergentagent.com', port=443): Max retries exceeded with url: /api/rfqs (Caused by ConnectTimeoutError(&lt;HTTPSConnection(host='code-vault-111.preview.emergentagent.com', port=443) at 0xfc1a05e0e990&gt;, 'Connection to code-vault-111.preview.emergentagent.com timed out. (connect timeout=10)'))

During handling of the above exception, another exception occurred:
backend/tests/test_iter8_workflow_doc.py:344: in test_empty_contact_number_accepted
    r = requests.post(f"{API}/rfqs", headers=buyer["h"], timeout=10, json={
/root/.venv/lib/python3.11/site-packages/requests/api.py:115: in post
    return request("post", url, data=data, json=json, **kwargs)
           ^^^^^^^^^^^^^^^^^^^^^^^^^^^^^^^^^^^^^^^^^^^^^^^^^^^^
/root/.venv/lib/python3.11/site-packages/requests/api.py:59: in request
    return session.request(method=method, url=url, **kwargs)
           ^^^^^^^^^^^^^^^^^^^^^^^^^^^^^^^^^^^^^^^^^^^^^^^^^
/root/.venv/lib/python3.11/site-packages/requests/sessions.py:592: in request
    resp = self.send(prep, **send_kwargs)
           ^^^^^^^^^^^^^^^^^^^^^^^^^^^^^^
/root/.venv/lib/python3.11/site-packages/requests/sessions.py:706: in send
    r = adapter.send(request, **kwargs)
        ^^^^^^^^^^^^^^^^^^^^^^^^^^^^^^^
/root/.venv/lib/python3.11/site-packages/requests/adapters.py:666: in send
    raise ConnectTimeout(e, request=request)
E   requests.exceptions.ConnectTimeout: HTTPSConnectionPool(host='code-vault-111.preview.emergentagent.com', port=443): Max retries exceeded with url: /api/rfqs (Caused by ConnectTimeoutError(&lt;HTTPSConnection(host='code-vault-111.preview.emergentagent.com', port=443) at 0xfc1a05e0e990&gt;, 'Connection to code-vault-111.preview.emergentagent.com timed out. (connect timeout=10)'))</failure></testcase><testcase classname="backend.tests.test_iter8_workflow_doc.TestRegression" name="test_auth_me" time="6.409" /><testcase classname="backend.tests.test_iter8_workflow_doc.TestRegression" name="test_niches_list" time="0.135" /><testcase classname="backend.tests.test_iter8_workflow_doc.TestRegression" name="test_agents_list" time="0.130" /></testsuite></testsuites>